This is pdfTeX, Version 3.14159265-2.6-1.40.18 (TeX Live 2017) (preloaded format=pdflatex 2018.4.22)  15 OCT 2018 10:50
entering extended mode
 restricted \write18 enabled.
 %&-line parsing enabled.
**CompSign_knitr.tex
(./CompSign_knitr.tex
LaTeX2e <2017-04-15>
Babel <3.10> and hyphenation patterns for 84 language(s) loaded.
(/usr/local/texlive/2017/texmf-dist/tex/latex/base/article.cls
Document Class: article 2014/09/29 v1.4h Standard LaTeX document class
(/usr/local/texlive/2017/texmf-dist/tex/latex/base/size10.clo
File: size10.clo 2014/09/29 v1.4h Standard LaTeX file (size option)
)
\c@part=\count79
\c@section=\count80
\c@subsection=\count81
\c@subsubsection=\count82
\c@paragraph=\count83
\c@subparagraph=\count84
\c@figure=\count85
\c@table=\count86
\abovecaptionskip=\skip41
\belowcaptionskip=\skip42
\bibindent=\dimen102
)
(/usr/local/texlive/2017/texmf-dist/tex/latex/graphics/graphicx.sty
Package: graphicx 2014/10/28 v1.0g Enhanced LaTeX Graphics (DPC,SPQR)

(/usr/local/texlive/2017/texmf-dist/tex/latex/graphics/keyval.sty
Package: keyval 2014/10/28 v1.15 key=value parser (DPC)
\KV@toks@=\toks14
)
(/usr/local/texlive/2017/texmf-dist/tex/latex/graphics/graphics.sty
Package: graphics 2017/04/14 v1.1b Standard LaTeX Graphics (DPC,SPQR)

(/usr/local/texlive/2017/texmf-dist/tex/latex/graphics/trig.sty
Package: trig 2016/01/03 v1.10 sin cos tan (DPC)
)
(/usr/local/texlive/2017/texmf-dist/tex/latex/graphics-cfg/graphics.cfg
File: graphics.cfg 2016/06/04 v1.11 sample graphics configuration
)
Package graphics Info: Driver file: pdftex.def on input line 99.

(/usr/local/texlive/2017/texmf-dist/tex/latex/graphics-def/pdftex.def
File: pdftex.def 2017/01/12 v0.06k Graphics/color for pdfTeX

(/usr/local/texlive/2017/texmf-dist/tex/generic/oberdiek/infwarerr.sty
Package: infwarerr 2016/05/16 v1.4 Providing info/warning/error messages (HO)
)
(/usr/local/texlive/2017/texmf-dist/tex/generic/oberdiek/ltxcmds.sty
Package: ltxcmds 2016/05/16 v1.23 LaTeX kernel commands for general use (HO)
)
\Gread@gobject=\count87
))
\Gin@req@height=\dimen103
\Gin@req@width=\dimen104
)
(/usr/local/texlive/2017/texmf-dist/tex/latex/graphics/color.sty
Package: color 2016/07/10 v1.1e Standard LaTeX Color (DPC)

(/usr/local/texlive/2017/texmf-dist/tex/latex/graphics-cfg/color.cfg
File: color.cfg 2016/01/02 v1.6 sample color configuration
)
Package color Info: Driver file: pdftex.def on input line 147.
)
(/usr/local/texlive/2017/texmf-dist/tex/latex/framed/framed.sty
Package: framed 2011/10/22 v 0.96: framed or shaded text with page breaks
\OuterFrameSep=\skip43
\fb@frw=\dimen105
\fb@frh=\dimen106
\FrameRule=\dimen107
\FrameSep=\dimen108
)
(/usr/local/texlive/2017/texmf-dist/tex/latex/base/alltt.sty
Package: alltt 1997/06/16 v2.0g defines alltt environment
)
(/usr/local/texlive/2017/texmf-dist/tex/latex/upquote/upquote.sty
Package: upquote 2012/04/19 v1.3 upright-quote and grave-accent glyphs in verba
tim
)
(./CompSign_knitr.aux)
\openout1 = `CompSign_knitr.aux'.

LaTeX Font Info:    Checking defaults for OML/cmm/m/it on input line 57.
LaTeX Font Info:    ... okay on input line 57.
LaTeX Font Info:    Checking defaults for T1/cmr/m/n on input line 57.
LaTeX Font Info:    ... okay on input line 57.
LaTeX Font Info:    Checking defaults for OT1/cmr/m/n on input line 57.
LaTeX Font Info:    ... okay on input line 57.
LaTeX Font Info:    Checking defaults for OMS/cmsy/m/n on input line 57.
LaTeX Font Info:    ... okay on input line 57.
LaTeX Font Info:    Checking defaults for OMX/cmex/m/n on input line 57.
LaTeX Font Info:    ... okay on input line 57.
LaTeX Font Info:    Checking defaults for U/cmr/m/n on input line 57.
LaTeX Font Info:    ... okay on input line 57.

(/usr/local/texlive/2017/texmf-dist/tex/context/base/mkii/supp-pdf.mkii
[Loading MPS to PDF converter (version 2006.09.02).]
\scratchcounter=\count88
\scratchdimen=\dimen109
\scratchbox=\box26
\nofMPsegments=\count89
\nofMParguments=\count90
\everyMPshowfont=\toks15
\MPscratchCnt=\count91
\MPscratchDim=\dimen110
\MPnumerator=\count92
\makeMPintoPDFobject=\count93
\everyMPtoPDFconversion=\toks16
) (/usr/local/texlive/2017/texmf-dist/tex/generic/oberdiek/pdftexcmds.sty
Package: pdftexcmds 2017/03/19 v0.25 Utility functions of pdfTeX for LuaTeX (HO
)

(/usr/local/texlive/2017/texmf-dist/tex/generic/oberdiek/ifluatex.sty
Package: ifluatex 2016/05/16 v1.4 Provides the ifluatex switch (HO)
Package ifluatex Info: LuaTeX not detected.
)
(/usr/local/texlive/2017/texmf-dist/tex/generic/oberdiek/ifpdf.sty
Package: ifpdf 2017/03/15 v3.2 Provides the ifpdf switch
)
Package pdftexcmds Info: LuaTeX not detected.
Package pdftexcmds Info: \pdf@primitive is available.
Package pdftexcmds Info: \pdf@ifprimitive is available.
Package pdftexcmds Info: \pdfdraftmode found.
)
(/usr/local/texlive/2017/texmf-dist/tex/latex/oberdiek/epstopdf-base.sty
Package: epstopdf-base 2016/05/15 v2.6 Base part for package epstopdf

(/usr/local/texlive/2017/texmf-dist/tex/latex/oberdiek/grfext.sty
Package: grfext 2016/05/16 v1.2 Manage graphics extensions (HO)

(/usr/local/texlive/2017/texmf-dist/tex/generic/oberdiek/kvdefinekeys.sty
Package: kvdefinekeys 2016/05/16 v1.4 Define keys (HO)
))
(/usr/local/texlive/2017/texmf-dist/tex/latex/oberdiek/kvoptions.sty
Package: kvoptions 2016/05/16 v3.12 Key value format for package options (HO)

(/usr/local/texlive/2017/texmf-dist/tex/generic/oberdiek/kvsetkeys.sty
Package: kvsetkeys 2016/05/16 v1.17 Key value parser (HO)

(/usr/local/texlive/2017/texmf-dist/tex/generic/oberdiek/etexcmds.sty
Package: etexcmds 2016/05/16 v1.6 Avoid name clashes with e-TeX commands (HO)
Package etexcmds Info: Could not find \expanded.
(etexcmds)             That can mean that you are not using pdfTeX 1.50 or
(etexcmds)             that some package has redefined \expanded.
(etexcmds)             In the latter case, load this package earlier.
)))
Package epstopdf-base Info: Redefining graphics rule for `.eps' on input line 4
38.
Package grfext Info: Graphics extension search list:
(grfext)             [.png,.pdf,.jpg,.mps,.jpeg,.jbig2,.jb2,.PNG,.PDF,.JPG,.JPE
G,.JBIG2,.JB2,.eps]
(grfext)             \AppendGraphicsExtensions on input line 456.

(/usr/local/texlive/2017/texmf-dist/tex/latex/latexconfig/epstopdf-sys.cfg
File: epstopdf-sys.cfg 2010/07/13 v1.3 Configuration of (r)epstopdf for TeX Liv
e
))
LaTeX Font Info:    External font `cmex10' loaded for size
(Font)              <12> on input line 59.
LaTeX Font Info:    External font `cmex10' loaded for size
(Font)              <8> on input line 59.
LaTeX Font Info:    External font `cmex10' loaded for size
(Font)              <6> on input line 59.
Package color Info: Redefining color shadecolor on input line 62.
Package color Info: Redefining color shadecolor on input line 71.
LaTeX Font Info:    Font shape `OT1/cmtt/bx/n' in size <10> not available
(Font)              Font shape `OT1/cmtt/m/n' tried instead on input line 74.

Overfull \hbox (22.4968pt too wide) in paragraph at lines 79--80
\OT1/cmtt/m/it/10 ## from URL https://api.github.com/repos/lm687/CompSign/zipba
ll/master[] 
 []

LaTeX Font Info:    Try loading font information for OMS+cmtt on input line 83.

(/Library/Frameworks/R.framework/Resources/share/texmf/tex/latex/omscmtt.fd
File: omscmtt.fd 
)
LaTeX Font Info:    Font shape `OMS/cmtt/m/it' in size <10> not available
(Font)              Font shape `OMS/cmsy/m/n' tried instead on input line 83.

Overfull \hbox (6.74693pt too wide) in paragraph at lines 83--84
[]\OT1/cmtt/m/it/10 ## '/Library/Frameworks/R.framework/Resources/bin/R' --no-s
ite-file
 []


Overfull \hbox (263.99469pt too wide) in paragraph at lines 83--84
\OT1/cmtt/m/it/10 ##  '/private/var/folders/22/nzk7280n61jd5qrjhqm5cwph0000gn/T
/RtmpSMQhvs/devtools84327ba40b8/lm687-CompSign-5577fa5'
 []


Overfull \hbox (64.49643pt too wide) in paragraph at lines 83--84
\OT1/cmtt/m/it/10 ##  --library='/Library/Frameworks/R.framework/Versions/3.4/R
esources/library'
 []


Overfull \hbox (22.4968pt too wide) in paragraph at lines 103--104
[]\OT1/cmtt/m/it/10 ## Welcome to compositions, a package for compositional dat
a analysis. 
 []

[1

{/usr/local/texlive/2017/texmf-var/fonts/map/pdftex/updmap/pdftex.map}]
Package color Info: Redefining color shadecolor on input line 113.

Overfull \hbox (111.74602pt too wide) in paragraph at lines 121--121
[][]\OT1/cmtt/m/n/10 colnames[][](input_dummy)[] []<-[] []paste0[][]([][]^^Ms^^
M[][],[] []1[][]:[][]25[][]);[] []rownames[][](input_dummy)[] []<-[] []paste0[]
[]([][]^^Msam^^M[][],[] []1[][]:[][]4[][])[][] 
 []

Package color Info: Redefining color shadecolor on input line 129.

Overfull \hbox (38.24666pt too wide) in paragraph at lines 175--175
[]\OT1/cmtt/m/n/10 ##  [1] "s1"  "s2"  "s3"  "s4"  "s5"  "s6"  "s7"  "s8"  "s9"
  "s10" "s11"[] 
 []


Overfull \hbox (38.24666pt too wide) in paragraph at lines 175--175
[]\OT1/cmtt/m/n/10 ## [12] "s12" "s13" "s14" "s15" "s16" "s17" "s18" "s19" "s20
" "s21" "s22"[] 
 []


Overfull \hbox (17.24684pt too wide) in paragraph at lines 175--175
[]\OT1/cmtt/m/n/10 ##              s1        s2         s3        s4        s5 
       s6[] 
 []


Overfull \hbox (17.24684pt too wide) in paragraph at lines 175--175
[]\OT1/cmtt/m/n/10 ## sam1 0.04858211 0.8317766 0.05256749 0.3409959 0.5204520 
0.7224081[] 
 []


Overfull \hbox (17.24684pt too wide) in paragraph at lines 175--175
[]\OT1/cmtt/m/n/10 ## sam2 0.50588321 0.5770588 0.92585154 0.6151534 0.6980990 
0.4591961[] 
 []


Overfull \hbox (17.24684pt too wide) in paragraph at lines 175--175
[]\OT1/cmtt/m/n/10 ## sam3 0.54916562 0.8884311 0.18074831 0.4806562 0.0623873 
0.1348595[] 
 []


Overfull \hbox (17.24684pt too wide) in paragraph at lines 175--175
[]\OT1/cmtt/m/n/10 ## sam4 0.98579154 0.5938418 0.64554445 0.2983224 0.6354810 
0.2453148[] 
 []


Overfull \hbox (22.4968pt too wide) in paragraph at lines 175--175
[]\OT1/cmtt/m/n/10 ##             s7         s8        s9       s10        s11 
       s12[] 
 []


Overfull \hbox (22.4968pt too wide) in paragraph at lines 175--175
[]\OT1/cmtt/m/n/10 ## sam1 0.1330572 0.74518787 0.2781470 0.7011675 0.03245983 
0.64248301[] 
 []


Overfull \hbox (22.4968pt too wide) in paragraph at lines 175--175
[]\OT1/cmtt/m/n/10 ## sam2 0.2722230 0.07501031 0.1886666 0.9067959 0.31114464 
0.17275723[] 
 []


Overfull \hbox (22.4968pt too wide) in paragraph at lines 175--175
[]\OT1/cmtt/m/n/10 ## sam3 0.5477834 0.66165313 0.1308051 0.8027359 0.07929365 
0.07382778[] 
 []


Overfull \hbox (22.4968pt too wide) in paragraph at lines 175--175
[]\OT1/cmtt/m/n/10 ## sam4 0.3757639 0.50000232 0.1606468 0.1952131 0.01551060 
0.80239360[] 
 []


Overfull \hbox (17.24684pt too wide) in paragraph at lines 175--175
[]\OT1/cmtt/m/n/10 ##             s13       s14       s15       s16        s17 
      s18[] 
 []


Overfull \hbox (17.24684pt too wide) in paragraph at lines 175--175
[]\OT1/cmtt/m/n/10 ## sam1 0.64639791 0.5083813 0.6308606 0.7773304 0.65004224 
0.7755878[] 
 []


Overfull \hbox (17.24684pt too wide) in paragraph at lines 175--175
[]\OT1/cmtt/m/n/10 ## sam2 0.87854826 0.1266760 0.9119379 0.5181562 0.94692289 
0.1243538[] 
 []


Overfull \hbox (17.24684pt too wide) in paragraph at lines 175--175
[]\OT1/cmtt/m/n/10 ## sam3 0.05928518 0.1794574 0.8778418 0.9441995 0.22104930 
0.1547693[] 
 []


Overfull \hbox (17.24684pt too wide) in paragraph at lines 175--175
[]\OT1/cmtt/m/n/10 ## sam4 0.43216915 0.4294558 0.4622663 0.2422564 0.09119018 
0.6248315[] 
 []


Overfull \hbox (17.24684pt too wide) in paragraph at lines 175--175
[]\OT1/cmtt/m/n/10 ##            s19       s20        s21       s22       s23  
      s24[] 
 []


Overfull \hbox (17.24684pt too wide) in paragraph at lines 175--175
[]\OT1/cmtt/m/n/10 ## sam1 0.7065150 0.6640117 0.35042408 0.6759364 0.5638160 0
.03573475[] 
 []


Overfull \hbox (17.24684pt too wide) in paragraph at lines 175--175
[]\OT1/cmtt/m/n/10 ## sam2 0.9014284 0.6012351 0.70919785 0.3100722 0.1514624 0
.66245107[] 
 []


Overfull \hbox (17.24684pt too wide) in paragraph at lines 175--175
[]\OT1/cmtt/m/n/10 ## sam3 0.6548523 0.2860429 0.03763259 0.5321743 0.6405682 0
.54845881[] 
 []


Overfull \hbox (17.24684pt too wide) in paragraph at lines 175--175
[]\OT1/cmtt/m/n/10 ## sam4 0.8955548 0.9146842 0.94123500 0.5437059 0.9597871 0
.20470684[] 
 []

[2]
Package color Info: Redefining color shadecolor on input line 188.

Overfull \hbox (139.7319pt too wide) in paragraph at lines 193--193
[]                                []\OT1/cmtt/m/n/10 id_signatures[][]=[] []c[]
[]([][]^^Ms1^^M[][],[] []^^Ms2^^M[][],[] []^^Ms3^^M[][],[] []^^Ms4^^M[][]),[] [
]\OT1/cmtt/m/it/10 ## signature names[][] 
 []


Overfull \hbox (85.49625pt too wide) in paragraph at lines 194--194
[]                                []\OT1/cmtt/m/n/10 count_matrix[][]=MCMCpack[
][]::[][]rdirichlet[][]([][]30[][],[] []c[][]([][]1[][],[][]1[][],[][]1[][],[][
]1[][])),[][] 
 []


Overfull \hbox (85.49625pt too wide) in paragraph at lines 195--195
[]                                []\OT1/cmtt/m/n/10 df[][]=[][]data.frame[][](
[][]a[][]=[][]sample[][]([][]1[][]:[][]1e4[][],[] []30[][]),[] []b[][]=[][]rep[
][]([][]10[][],[] []30[][])))[][] 
 []


Overfull \hbox (32.9967pt too wide) in paragraph at lines 270--270
[]\OT1/cmtt/m/n/10 ##                                           Estimate Std. E
rror t value[] 
 []


Overfull \hbox (32.9967pt too wide) in paragraph at lines 270--270
[]\OT1/cmtt/m/n/10 ## (Intercept)                             -4.108e-02  4.505
e-01  -0.091[] 
 []


Overfull \hbox (32.9967pt too wide) in paragraph at lines 270--270
[]\OT1/cmtt/m/n/10 ## as.matrix((x@df)[, indices_predictor])a  7.397e-06  7.329
e-05   0.101[] 
 []


Overfull \hbox (32.9967pt too wide) in paragraph at lines 270--270
[]\OT1/cmtt/m/n/10 ## as.matrix((x@df)[, indices_predictor])b         NA       
  NA      NA[] 
 []


Overfull \hbox (32.9967pt too wide) in paragraph at lines 270--270
[]\OT1/cmtt/m/n/10 ##                                           Estimate Std. E
rror t value[] 
 []


Overfull \hbox (32.9967pt too wide) in paragraph at lines 270--270
[]\OT1/cmtt/m/n/10 ## (Intercept)                              2.286e-01  5.084
e-01   0.450[] 
 []


Overfull \hbox (32.9967pt too wide) in paragraph at lines 270--270
[]\OT1/cmtt/m/n/10 ## as.matrix((x@df)[, indices_predictor])a -4.409e-05  8.272
e-05  -0.533[] 
 []


Overfull \hbox (32.9967pt too wide) in paragraph at lines 270--270
[]\OT1/cmtt/m/n/10 ## as.matrix((x@df)[, indices_predictor])b         NA       
  NA      NA[] 
 []


Overfull \hbox (32.9967pt too wide) in paragraph at lines 270--270
[]\OT1/cmtt/m/n/10 ##                                           Estimate Std. E
rror t value[] 
 []


Overfull \hbox (32.9967pt too wide) in paragraph at lines 270--270
[]\OT1/cmtt/m/n/10 ## (Intercept)                              2.544e-01  4.954
e-01   0.514[] 
 []


Overfull \hbox (32.9967pt too wide) in paragraph at lines 270--270
[]\OT1/cmtt/m/n/10 ## as.matrix((x@df)[, indices_predictor])a -2.524e-05  8.060
e-05  -0.313[] 
 []


Overfull \hbox (32.9967pt too wide) in paragraph at lines 270--270
[]\OT1/cmtt/m/n/10 ## as.matrix((x@df)[, indices_predictor])b         NA       
  NA      NA[] 
 []

[3]
Underfull \vbox (badness 10000) detected at line 271
 []


Underfull \vbox (badness 10000) detected at line 271
 []

[4]
Package color Info: Redefining color shadecolor on input line 276.
 <figure/unnamed-chunk-6-1.pdf, id=22, 505.89pt x 505.89pt>
File: figure/unnamed-chunk-6-1.pdf Graphic file (type pdf)

<use figure/unnamed-chunk-6-1.pdf>
Package pdftex.def Info: figure/unnamed-chunk-6-1.pdf used on input line 281.
(pdftex.def)             Requested size: 345.0pt x 345.00414pt.

Overfull \hbox (15.0pt too wide) in paragraph at lines 281--282
[][] 
 []

[5]
Package color Info: Redefining color shadecolor on input line 289.

Overfull \hbox (26.49701pt too wide) in paragraph at lines 293--293
[][]\OT1/cmtt/m/n/10 qqnorm.acomp[][]([][]acomp[][](two_normal_pops[][]@[][]cou
nt_matrix[][]),[] []pch[][]=[][]19[][],[] []cex[][]=[][]0.2[][])[][] 
 []

<figure/unnamed-chunk-7-1.pdf, id=26, 505.89pt x 505.89pt>
File: figure/unnamed-chunk-7-1.pdf Graphic file (type pdf)

<use figure/unnamed-chunk-7-1.pdf>
Package pdftex.def Info: figure/unnamed-chunk-7-1.pdf used on input line 296.
(pdftex.def)             Requested size: 319.99997pt x 320.0015pt.
 [6 <./figure/unnamed-chunk-6-1.pdf>]
Overfull \hbox (73.7466pt too wide) in paragraph at lines 298--298
[][]\OT1/cmtt/m/n/10 qqnorm.acomp[][]([][]acomp[][](two_normal_pops[][]@[][]cou
nt_matrix[][][[][]1[][]:[][]1000[][],]),[] []pch[][]=[][]19[][],[] []cex[][]=[]
[]0.2[][])[][] 
 []

<figure/unnamed-chunk-7-2.pdf, id=35, 505.89pt x 505.89pt>
File: figure/unnamed-chunk-7-2.pdf Graphic file (type pdf)

<use figure/unnamed-chunk-7-2.pdf>
Package pdftex.def Info: figure/unnamed-chunk-7-2.pdf used on input line 301.
(pdftex.def)             Requested size: 319.99997pt x 320.0015pt.
 [7 <./figure/unnamed-chunk-7-1.pdf>]
[8 <./figure/unnamed-chunk-7-2.pdf>] (./CompSign_knitr.aux) ) 
Here is how much of TeX's memory you used:
 1668 strings out of 492995
 24641 string characters out of 6132704
 99346 words of memory out of 5000000
 5205 multiletter control sequences out of 15000+600000
 7923 words of font info for 29 fonts, out of 8000000 for 9000
 1141 hyphenation exceptions out of 8191
 39i,6n,25p,584b,295s stack positions out of 5000i,500n,10000p,200000b,80000s
</usr/local/texliv
e/2017/texmf-dist/fonts/type1/public/amsfonts/cm/cmbx12.pfb></usr/local/texlive
/2017/texmf-dist/fonts/type1/public/amsfonts/cm/cmitt10.pfb></usr/local/texlive
/2017/texmf-dist/fonts/type1/public/amsfonts/cm/cmr10.pfb></usr/local/texlive/2
017/texmf-dist/fonts/type1/public/amsfonts/cm/cmr12.pfb></usr/local/texlive/201
7/texmf-dist/fonts/type1/public/amsfonts/cm/cmr17.pfb></usr/local/texlive/2017/
texmf-dist/fonts/type1/public/amsfonts/cm/cmsy10.pfb></usr/local/texlive/2017/t
exmf-dist/fonts/type1/public/amsfonts/cm/cmtt10.pfb>
Output written on CompSign_knitr.pdf (8 pages, 931942 bytes).
PDF statistics:
 77 PDF objects out of 1000 (max. 8388607)
 53 compressed objects within 1 object stream
 0 named destinations out of 1000 (max. 500000)
 16 words of extra memory for PDF output out of 10000 (max. 10000000)

